TN:
SF:src/components/Form/Button/index.tsx
FN:15,Button
FNF:1
FNH:1
FNDA:3,Button
DA:21,3
LF:1
LH:1
BRF:0
BRH:0
end_of_record
TN:
SF:src/components/Form/Button/styles.ts
FN:13,(anonymous_0)
FN:17,(anonymous_1)
FN:20,(anonymous_2)
FNF:3
FNH:3
FNDA:3,(anonymous_0)
FNDA:3,(anonymous_1)
FNDA:3,(anonymous_2)
DA:6,1
DA:13,3
DA:16,1
DA:17,3
DA:20,3
LF:5
LH:5
BRF:0
BRH:0
end_of_record
TN:
SF:src/components/Form/CategorySelectButton/index.tsx
FN:16,CategorySelectButton
FNF:1
FNH:1
FNDA:2,CategorySelectButton
DA:22,2
LF:1
LH:1
BRF:0
BRH:0
end_of_record
TN:
SF:src/components/Form/CategorySelectButton/styles.ts
FN:17,(anonymous_0)
FN:21,(anonymous_1)
FN:28,(anonymous_2)
FNF:3
FNH:3
FNDA:2,(anonymous_0)
FNDA:2,(anonymous_1)
FNDA:2,(anonymous_2)
DA:7,1
DA:17,2
DA:20,1
DA:21,2
DA:25,1
DA:28,2
LF:6
LH:6
BRF:0
BRH:0
end_of_record
TN:
SF:src/components/Form/Input/index.tsx
FN:11,Input
FNF:1
FNH:1
FNDA:5,Input
DA:15,5
LF:1
LH:1
BRDA:12,0,0,4
BRF:1
BRH:1
end_of_record
TN:
SF:src/components/Form/Input/styles.ts
FN:17,(anonymous_0)
FN:19,(anonymous_1)
FN:20,(anonymous_2)
FN:22,(anonymous_3)
FNF:4
FNH:4
FNDA:5,(anonymous_0)
FNDA:5,(anonymous_1)
FNDA:5,(anonymous_2)
FNDA:5,(anonymous_3)
DA:10,2
DA:17,5
DA:19,5
DA:20,5
DA:22,5
LF:5
LH:5
BRDA:22,0,0,5
BRDA:22,0,1,1
BRF:2
BRH:2
end_of_record
TN:
SF:src/components/Form/TransactionTypeButton/index.tsx
FN:23,TransactionTypeButton
FNF:1
FNH:1
FNDA:4,TransactionTypeButton
DA:12,1
DA:30,4
LF:2
LH:2
BRF:0
BRH:0
end_of_record
TN:
SF:src/components/Form/TransactionTypeButton/styles.ts
FN:21,(anonymous_0)
FN:22,(anonymous_1)
FN:24,(anonymous_2)
FN:25,(anonymous_3)
FN:28,(anonymous_4)
FN:29,(anonymous_5)
FN:45,(anonymous_6)
FN:51,(anonymous_7)
FNF:8
FNH:6
FNDA:4,(anonymous_0)
FNDA:4,(anonymous_1)
FNDA:4,(anonymous_2)
FNDA:0,(anonymous_3)
FNDA:4,(anonymous_4)
FNDA:0,(anonymous_5)
FNDA:4,(anonymous_6)
FNDA:4,(anonymous_7)
DA:16,1
DA:21,4
DA:22,4
DA:24,4
DA:25,0
DA:28,4
DA:29,0
DA:33,1
DA:41,1
DA:46,4
DA:50,1
DA:51,4
LF:12
LH:10
BRDA:21,0,0,0
BRDA:21,0,1,4
BRDA:24,1,0,4
BRDA:24,1,1,0
BRDA:24,1,2,0
BRDA:28,2,0,4
BRDA:28,2,1,0
BRDA:28,2,2,0
BRDA:46,3,0,2
BRDA:46,3,1,2
BRF:10
BRH:5
end_of_record
TN:
SF:src/components/Form/inputForm/index.tsx
FN:15,InputForm
FN:26,(anonymous_1)
FNF:2
FNH:2
FNDA:4,InputForm
FNDA:4,(anonymous_1)
DA:22,4
DA:27,4
LF:2
LH:2
BRDA:35,0,0,4
BRDA:35,0,1,0
BRF:2
BRH:1
end_of_record
TN:
SF:src/components/Form/inputForm/styles.ts
FN:13,(anonymous_0)
FN:15,(anonymous_1)
FNF:2
FNH:0
FNDA:0,(anonymous_0)
FNDA:0,(anonymous_1)
DA:5,1
DA:9,1
DA:13,0
DA:15,0
LF:4
LH:2
BRF:0
BRH:0
end_of_record
TN:
SF:src/global/styles/theme.ts
FNF:0
FNH:0
LF:0
LH:0
BRF:0
BRH:0
end_of_record
TN:
SF:src/hooks/auth.tsx
FN:44,AuthProvider
FN:50,signInWithGoogle
FN:80,signInWithApple
FN:108,signOut
FN:113,(anonymous_4)
FN:114,loadUserStorageDate
FN:141,useAuth
FNF:7
FNH:5
FNDA:3,AuthProvider
FNDA:2,signInWithGoogle
FNDA:0,signInWithApple
FNDA:0,signOut
FNDA:2,(anonymous_4)
FNDA:2,loadUserStorageDate
FNDA:5,useAuth
DA:42,2
DA:45,3
DA:46,3
DA:48,3
DA:51,2
DA:52,2
DA:53,2
DA:54,2
DA:55,2
DA:57,2
DA:59,2
DA:61,2
DA:62,1
DA:63,1
DA:65,1
DA:72,1
DA:73,1
DA:76,0
DA:81,0
DA:82,0
DA:89,0
DA:90,0
DA:91,0
DA:93,0
DA:100,0
DA:101,0
DA:104,0
DA:109,0
DA:110,0
DA:113,3
DA:115,2
DA:117,0
DA:118,0
DA:119,0
DA:122,0
DA:125,2
DA:128,3
DA:142,5
DA:144,5
LF:39
LH:23
BRDA:61,0,0,1
BRDA:61,0,1,1
BRDA:89,1,0,0
BRDA:89,1,1,0
BRDA:117,2,0,0
BRDA:117,2,1,0
BRF:6
BRH:2
end_of_record
TN:
SF:src/screens/CategorySelect/index.tsx
FN:28,CategorySelect
FN:34,handleCategorySelect
FN:46,(anonymous_2)
FN:47,(anonymous_3)
FN:49,(anonymous_4)
FN:56,(anonymous_5)
FNF:6
FNH:4
FNDA:1,CategorySelect
FNDA:0,handleCategorySelect
FNDA:6,(anonymous_2)
FNDA:6,(anonymous_3)
FNDA:0,(anonymous_4)
FNDA:5,(anonymous_5)
DA:35,0
DA:38,1
DA:46,6
DA:48,6
DA:49,0
DA:56,5
LF:6
LH:4
BRF:0
BRH:0
end_of_record
TN:
SF:src/screens/CategorySelect/styles.ts
FN:15,(anonymous_0)
FN:26,(anonymous_1)
FN:31,(anonymous_2)
FN:33,(anonymous_3)
FN:43,(anonymous_4)
FN:55,(anonymous_5)
FN:61,(anonymous_6)
FNF:7
FNH:7
FNDA:1,(anonymous_0)
FNDA:1,(anonymous_1)
FNDA:1,(anonymous_2)
FNDA:1,(anonymous_3)
FNDA:6,(anonymous_4)
FNDA:6,(anonymous_5)
FNDA:5,(anonymous_6)
DA:13,1
DA:15,1
DA:18,1
DA:26,1
DA:29,1
DA:31,1
DA:33,1
DA:36,1
DA:44,6
DA:47,1
DA:53,1
DA:55,6
DA:58,1
DA:61,5
DA:64,1
LF:15
LH:15
BRDA:44,0,0,0
BRDA:44,0,1,6
BRF:2
BRH:1
end_of_record
TN:
SF:src/screens/Profile/index.tsx
FN:5,Profile
FN:25,(anonymous_1)
FNF:2
FNH:1
FNDA:3,Profile
FNDA:0,(anonymous_1)
DA:6,3
LF:1
LH:1
BRF:0
BRH:0
end_of_record
TN:
SF:src/screens/Register/index.tsx
FN:52,Register
FN:74,handleTransactionsTypeSelect
FN:78,handleOpenSelectCategoryModal
FN:82,handleCloseSelectCategoryModal
FN:86,handleRegister
FN:164,(anonymous_5)
FN:170,(anonymous_6)
FNF:7
FNH:2
FNDA:2,Register
FNDA:0,handleTransactionsTypeSelect
FNDA:1,handleOpenSelectCategoryModal
FNDA:0,handleCloseSelectCategoryModal
FNDA:0,handleRegister
FNDA:0,(anonymous_5)
FNDA:0,(anonymous_6)
DA:41,1
DA:53,2
DA:54,2
DA:56,2
DA:58,2
DA:63,2
DA:70,2
DA:75,0
DA:79,1
DA:83,0
DA:87,0
DA:89,0
DA:90,0
DA:92,0
DA:93,0
DA:95,0
DA:104,0
DA:105,0
DA:106,0
DA:108,0
DA:113,0
DA:115,0
DA:117,0
DA:122,0
DA:125,0
DA:129,2
DA:164,0
DA:170,0
LF:28
LH:9
BRDA:89,0,0,0
BRDA:89,0,1,0
BRDA:92,1,0,0
BRDA:92,1,1,0
BRDA:106,2,0,0
BRDA:106,2,1,0
BRDA:148,3,0,2
BRDA:148,3,1,0
BRDA:156,4,0,2
BRDA:156,4,1,0
BRF:10
BRH:2
end_of_record
TN:
SF:src/screens/Register/styles.ts
FN:8,(anonymous_0)
FN:18,(anonymous_1)
FN:23,(anonymous_2)
FN:25,(anonymous_3)
FNF:4
FNH:4
FNDA:2,(anonymous_0)
FNDA:2,(anonymous_1)
FNDA:2,(anonymous_2)
FNDA:2,(anonymous_3)
DA:6,1
DA:8,2
DA:11,1
DA:18,2
DA:21,1
DA:23,2
DA:25,2
DA:28,1
DA:36,1
DA:38,1
LF:10
LH:10
BRF:0
BRH:0
end_of_record
TN:
SF:src/utils/categories.ts
FNF:0
FNH:0
DA:1,1
LF:1
LH:1
BRF:0
BRH:0
end_of_record
